[main 99e34ea] Log update 2025-08-11_16-30-01
 3 files changed, 20 insertions(+)
 create mode 100644 bash_history_2025-08-11_16-30-01.txt
 create mode 100644 cpu_ram_2025-08-11_16-30-01.txt
 create mode 100644 cron.log
To github.com:divija-murukonda/sys-monitor.git
   161f63a..99e34ea  main -> main
[main 056029e] Log update 2025-08-11_16-35-01
 3 files changed, 27 insertions(+)
 create mode 100644 bash_history_2025-08-11_16-35-01.txt
 create mode 100644 cpu_ram_2025-08-11_16-35-01.txt
To github.com:divija-murukonda/sys-monitor.git
   99e34ea..056029e  main -> main
[main 416a97c] Log update 2025-08-11_16-40-01
 3 files changed, 26 insertions(+)
 create mode 100644 bash_history_2025-08-11_16-40-01.txt
 create mode 100644 cpu_ram_2025-08-11_16-40-01.txt
To github.com:divija-murukonda/sys-monitor.git
   056029e..416a97c  main -> main
[main 4c88110] Log update 2025-08-11_16-45-01
 3 files changed, 26 insertions(+)
 create mode 100644 bash_history_2025-08-11_16-45-01.txt
 create mode 100644 cpu_ram_2025-08-11_16-45-01.txt
To github.com:divija-murukonda/sys-monitor.git
   416a97c..4c88110  main -> main
[main 3bbeab6] Log update 2025-08-11_16-50-01
 3 files changed, 26 insertions(+)
 create mode 100644 bash_history_2025-08-11_16-50-01.txt
 create mode 100644 cpu_ram_2025-08-11_16-50-01.txt
To github.com:divija-murukonda/sys-monitor.git
   4c88110..3bbeab6  main -> main
[main 461961f] Log update 2025-08-11_16-55-01
 3 files changed, 26 insertions(+)
 create mode 100644 bash_history_2025-08-11_16-55-01.txt
 create mode 100644 cpu_ram_2025-08-11_16-55-01.txt
To github.com:divija-murukonda/sys-monitor.git
   3bbeab6..461961f  main -> main
[main cdbc595] Log update 2025-08-11_17-00-01
 4 files changed, 26 insertions(+)
 create mode 100644 .monitor.sh.swp
 create mode 100644 bash_history_2025-08-11_17-00-01.txt
 create mode 100644 cpu_ram_2025-08-11_17-00-01.txt
To github.com:divija-murukonda/sys-monitor.git
   461961f..cdbc595  main -> main
[main 0be1c4a] Log update 2025-08-12_05-50-01
 5 files changed, 40 insertions(+)
 delete mode 100644 .monitor.sh.swp
 create mode 100644 bash_history_2025-08-12_05-50-01.txt
 create mode 100644 cpu_ram_2025-08-12_05-50-01.txt
 create mode 100755 monitor.sh.save
To github.com:divija-murukonda/sys-monitor.git
   cdbc595..0be1c4a  main -> main
[main 4fe0d42] Log update 2025-08-12_05-55-01
 3 files changed, 28 insertions(+)
 create mode 100644 bash_history_2025-08-12_05-55-01.txt
 create mode 100644 cpu_ram_2025-08-12_05-55-01.txt
To github.com:divija-murukonda/sys-monitor.git
   0be1c4a..4fe0d42  main -> main
[main 4b21347] Log update 2025-08-12_06-00-01
 3 files changed, 26 insertions(+)
 create mode 100644 bash_history_2025-08-12_06-00-01.txt
 create mode 100644 cpu_ram_2025-08-12_06-00-01.txt
To github.com:divija-murukonda/sys-monitor.git
   4fe0d42..4b21347  main -> main
[main 0a72523] Log update 2025-08-12_06-05-01
 3 files changed, 26 insertions(+)
 create mode 100644 bash_history_2025-08-12_06-05-01.txt
 create mode 100644 cpu_ram_2025-08-12_06-05-01.txt
To github.com:divija-murukonda/sys-monitor.git
   4b21347..0a72523  main -> main
[main 4008540] Log update 2025-08-12_06-10-01
 3 files changed, 26 insertions(+)
 create mode 100644 bash_history_2025-08-12_06-10-01.txt
 create mode 100644 cpu_ram_2025-08-12_06-10-01.txt
To github.com:divija-murukonda/sys-monitor.git
   0a72523..4008540  main -> main
[main ae69621] Log update 2025-08-12_06-15-00
 3 files changed, 26 insertions(+)
 create mode 100644 bash_history_2025-08-12_06-15-00.txt
 create mode 100644 cpu_ram_2025-08-12_06-15-00.txt
To github.com:divija-murukonda/sys-monitor.git
   4008540..ae69621  main -> main
[main d8ebe0e] Log update 2025-08-12_06-20-01
 3 files changed, 26 insertions(+)
 create mode 100644 bash_history_2025-08-12_06-20-01.txt
 create mode 100644 cpu_ram_2025-08-12_06-20-01.txt
To github.com:divija-murukonda/sys-monitor.git
   ae69621..d8ebe0e  main -> main
